{"/home/usuario/prct08-filesystem-funko-app-alu0101539669/src/cliente.ts": {"path":"/home/usuario/prct08-filesystem-funko-app-alu0101539669/src/cliente.ts","all":true,"statementMap":{"0":{"start":{"line":1,"column":0},"end":{"line":1,"column":26}},"1":{"start":{"line":2,"column":0},"end":{"line":2,"column":40}},"2":{"start":{"line":3,"column":0},"end":{"line":3,"column":100}},"19":{"start":{"line":20,"column":0},"end":{"line":20,"column":61}},"20":{"start":{"line":21,"column":0},"end":{"line":21,"column":9}},"21":{"start":{"line":22,"column":0},"end":{"line":22,"column":29}},"22":{"start":{"line":23,"column":0},"end":{"line":23,"column":19}},"23":{"start":{"line":24,"column":0},"end":{"line":24,"column":22}},"24":{"start":{"line":25,"column":0},"end":{"line":25,"column":4}},"25":{"start":{"line":26,"column":0},"end":{"line":26,"column":7}},"26":{"start":{"line":27,"column":0},"end":{"line":27,"column":28}},"27":{"start":{"line":28,"column":0},"end":{"line":28,"column":19}},"28":{"start":{"line":29,"column":0},"end":{"line":29,"column":22}},"29":{"start":{"line":30,"column":0},"end":{"line":30,"column":4}},"30":{"start":{"line":31,"column":0},"end":{"line":31,"column":11}},"31":{"start":{"line":32,"column":0},"end":{"line":32,"column":30}},"32":{"start":{"line":33,"column":0},"end":{"line":33,"column":19}},"33":{"start":{"line":34,"column":0},"end":{"line":34,"column":22}},"34":{"start":{"line":35,"column":0},"end":{"line":35,"column":4}},"35":{"start":{"line":36,"column":0},"end":{"line":36,"column":16}},"36":{"start":{"line":37,"column":0},"end":{"line":37,"column":37}},"37":{"start":{"line":38,"column":0},"end":{"line":38,"column":19}},"38":{"start":{"line":39,"column":0},"end":{"line":39,"column":22}},"39":{"start":{"line":40,"column":0},"end":{"line":40,"column":4}},"40":{"start":{"line":41,"column":0},"end":{"line":41,"column":9}},"41":{"start":{"line":42,"column":0},"end":{"line":42,"column":30}},"42":{"start":{"line":43,"column":0},"end":{"line":43,"column":19}},"43":{"start":{"line":44,"column":0},"end":{"line":44,"column":22}},"44":{"start":{"line":45,"column":0},"end":{"line":45,"column":4}},"45":{"start":{"line":46,"column":0},"end":{"line":46,"column":11}},"46":{"start":{"line":47,"column":0},"end":{"line":47,"column":31}},"47":{"start":{"line":48,"column":0},"end":{"line":48,"column":19}},"48":{"start":{"line":49,"column":0},"end":{"line":49,"column":22}},"49":{"start":{"line":50,"column":0},"end":{"line":50,"column":4}},"50":{"start":{"line":51,"column":0},"end":{"line":51,"column":15}},"51":{"start":{"line":52,"column":0},"end":{"line":52,"column":35}},"52":{"start":{"line":53,"column":0},"end":{"line":53,"column":19}},"53":{"start":{"line":54,"column":0},"end":{"line":54,"column":22}},"54":{"start":{"line":55,"column":0},"end":{"line":55,"column":4}},"55":{"start":{"line":56,"column":0},"end":{"line":56,"column":11}},"56":{"start":{"line":57,"column":0},"end":{"line":57,"column":32}},"57":{"start":{"line":58,"column":0},"end":{"line":58,"column":19}},"58":{"start":{"line":59,"column":0},"end":{"line":59,"column":22}},"59":{"start":{"line":60,"column":0},"end":{"line":60,"column":4}},"60":{"start":{"line":61,"column":0},"end":{"line":61,"column":14}},"61":{"start":{"line":62,"column":0},"end":{"line":62,"column":35}},"62":{"start":{"line":63,"column":0},"end":{"line":63,"column":20}},"63":{"start":{"line":64,"column":0},"end":{"line":64,"column":22}},"64":{"start":{"line":65,"column":0},"end":{"line":65,"column":4}},"65":{"start":{"line":66,"column":0},"end":{"line":66,"column":30}},"66":{"start":{"line":67,"column":0},"end":{"line":67,"column":42}},"67":{"start":{"line":68,"column":0},"end":{"line":68,"column":19}},"68":{"start":{"line":69,"column":0},"end":{"line":69,"column":22}},"69":{"start":{"line":70,"column":0},"end":{"line":70,"column":4}},"70":{"start":{"line":71,"column":0},"end":{"line":71,"column":17}},"71":{"start":{"line":72,"column":0},"end":{"line":72,"column":38}},"72":{"start":{"line":73,"column":0},"end":{"line":73,"column":19}},"73":{"start":{"line":74,"column":0},"end":{"line":74,"column":22}},"74":{"start":{"line":75,"column":0},"end":{"line":75,"column":3}},"75":{"start":{"line":76,"column":0},"end":{"line":76,"column":14}},"76":{"start":{"line":77,"column":0},"end":{"line":77,"column":201}},"77":{"start":{"line":78,"column":0},"end":{"line":78,"column":15}},"85":{"start":{"line":86,"column":0},"end":{"line":86,"column":69}},"86":{"start":{"line":87,"column":0},"end":{"line":87,"column":9}},"87":{"start":{"line":88,"column":0},"end":{"line":88,"column":29}},"88":{"start":{"line":89,"column":0},"end":{"line":89,"column":19}},"89":{"start":{"line":90,"column":0},"end":{"line":90,"column":22}},"90":{"start":{"line":91,"column":0},"end":{"line":91,"column":4}},"91":{"start":{"line":92,"column":0},"end":{"line":92,"column":7}},"92":{"start":{"line":93,"column":0},"end":{"line":93,"column":28}},"93":{"start":{"line":94,"column":0},"end":{"line":94,"column":19}},"94":{"start":{"line":95,"column":0},"end":{"line":95,"column":22}},"95":{"start":{"line":96,"column":0},"end":{"line":96,"column":3}},"96":{"start":{"line":97,"column":0},"end":{"line":97,"column":14}},"97":{"start":{"line":98,"column":0},"end":{"line":98,"column":36}},"99":{"start":{"line":100,"column":0},"end":{"line":100,"column":15}},"116":{"start":{"line":117,"column":0},"end":{"line":117,"column":68}},"117":{"start":{"line":118,"column":0},"end":{"line":118,"column":9}},"118":{"start":{"line":119,"column":0},"end":{"line":119,"column":29}},"119":{"start":{"line":120,"column":0},"end":{"line":120,"column":19}},"120":{"start":{"line":121,"column":0},"end":{"line":121,"column":22}},"121":{"start":{"line":122,"column":0},"end":{"line":122,"column":4}},"122":{"start":{"line":123,"column":0},"end":{"line":123,"column":7}},"123":{"start":{"line":124,"column":0},"end":{"line":124,"column":28}},"124":{"start":{"line":125,"column":0},"end":{"line":125,"column":19}},"125":{"start":{"line":126,"column":0},"end":{"line":126,"column":22}},"126":{"start":{"line":127,"column":0},"end":{"line":127,"column":4}},"127":{"start":{"line":128,"column":0},"end":{"line":128,"column":11}},"128":{"start":{"line":129,"column":0},"end":{"line":129,"column":30}},"129":{"start":{"line":130,"column":0},"end":{"line":130,"column":19}},"130":{"start":{"line":131,"column":0},"end":{"line":131,"column":22}},"131":{"start":{"line":132,"column":0},"end":{"line":132,"column":4}},"132":{"start":{"line":133,"column":0},"end":{"line":133,"column":16}},"133":{"start":{"line":134,"column":0},"end":{"line":134,"column":37}},"134":{"start":{"line":135,"column":0},"end":{"line":135,"column":19}},"135":{"start":{"line":136,"column":0},"end":{"line":136,"column":22}},"136":{"start":{"line":137,"column":0},"end":{"line":137,"column":4}},"137":{"start":{"line":138,"column":0},"end":{"line":138,"column":9}},"138":{"start":{"line":139,"column":0},"end":{"line":139,"column":30}},"139":{"start":{"line":140,"column":0},"end":{"line":140,"column":19}},"140":{"start":{"line":141,"column":0},"end":{"line":141,"column":22}},"141":{"start":{"line":142,"column":0},"end":{"line":142,"column":4}},"142":{"start":{"line":143,"column":0},"end":{"line":143,"column":11}},"143":{"start":{"line":144,"column":0},"end":{"line":144,"column":31}},"144":{"start":{"line":145,"column":0},"end":{"line":145,"column":19}},"145":{"start":{"line":146,"column":0},"end":{"line":146,"column":22}},"146":{"start":{"line":147,"column":0},"end":{"line":147,"column":4}},"147":{"start":{"line":148,"column":0},"end":{"line":148,"column":15}},"148":{"start":{"line":149,"column":0},"end":{"line":149,"column":35}},"149":{"start":{"line":150,"column":0},"end":{"line":150,"column":19}},"150":{"start":{"line":151,"column":0},"end":{"line":151,"column":22}},"151":{"start":{"line":152,"column":0},"end":{"line":152,"column":4}},"152":{"start":{"line":153,"column":0},"end":{"line":153,"column":11}},"153":{"start":{"line":154,"column":0},"end":{"line":154,"column":32}},"154":{"start":{"line":155,"column":0},"end":{"line":155,"column":19}},"155":{"start":{"line":156,"column":0},"end":{"line":156,"column":22}},"156":{"start":{"line":157,"column":0},"end":{"line":157,"column":4}},"157":{"start":{"line":158,"column":0},"end":{"line":158,"column":14}},"158":{"start":{"line":159,"column":0},"end":{"line":159,"column":35}},"159":{"start":{"line":160,"column":0},"end":{"line":160,"column":20}},"160":{"start":{"line":161,"column":0},"end":{"line":161,"column":22}},"161":{"start":{"line":162,"column":0},"end":{"line":162,"column":4}},"162":{"start":{"line":163,"column":0},"end":{"line":163,"column":30}},"163":{"start":{"line":164,"column":0},"end":{"line":164,"column":42}},"164":{"start":{"line":165,"column":0},"end":{"line":165,"column":19}},"165":{"start":{"line":166,"column":0},"end":{"line":166,"column":22}},"166":{"start":{"line":167,"column":0},"end":{"line":167,"column":4}},"167":{"start":{"line":168,"column":0},"end":{"line":168,"column":17}},"168":{"start":{"line":169,"column":0},"end":{"line":169,"column":38}},"169":{"start":{"line":170,"column":0},"end":{"line":170,"column":19}},"170":{"start":{"line":171,"column":0},"end":{"line":171,"column":22}},"171":{"start":{"line":172,"column":0},"end":{"line":172,"column":3}},"172":{"start":{"line":173,"column":0},"end":{"line":173,"column":14}},"173":{"start":{"line":174,"column":0},"end":{"line":174,"column":207}},"174":{"start":{"line":175,"column":0},"end":{"line":175,"column":15}},"181":{"start":{"line":182,"column":0},"end":{"line":182,"column":63}},"182":{"start":{"line":183,"column":0},"end":{"line":183,"column":9}},"183":{"start":{"line":184,"column":0},"end":{"line":184,"column":29}},"184":{"start":{"line":185,"column":0},"end":{"line":185,"column":19}},"185":{"start":{"line":186,"column":0},"end":{"line":186,"column":22}},"186":{"start":{"line":187,"column":0},"end":{"line":187,"column":3}},"187":{"start":{"line":188,"column":0},"end":{"line":188,"column":14}},"188":{"start":{"line":189,"column":0},"end":{"line":189,"column":25}},"189":{"start":{"line":190,"column":0},"end":{"line":190,"column":15}},"197":{"start":{"line":198,"column":0},"end":{"line":198,"column":63}},"198":{"start":{"line":199,"column":0},"end":{"line":199,"column":9}},"199":{"start":{"line":200,"column":0},"end":{"line":200,"column":29}},"200":{"start":{"line":201,"column":0},"end":{"line":201,"column":19}},"201":{"start":{"line":202,"column":0},"end":{"line":202,"column":22}},"202":{"start":{"line":203,"column":0},"end":{"line":203,"column":4}},"203":{"start":{"line":204,"column":0},"end":{"line":204,"column":7}},"204":{"start":{"line":205,"column":0},"end":{"line":205,"column":28}},"205":{"start":{"line":206,"column":0},"end":{"line":206,"column":19}},"206":{"start":{"line":207,"column":0},"end":{"line":207,"column":22}},"207":{"start":{"line":208,"column":0},"end":{"line":208,"column":3}},"208":{"start":{"line":209,"column":0},"end":{"line":209,"column":14}},"209":{"start":{"line":210,"column":0},"end":{"line":210,"column":35}},"210":{"start":{"line":211,"column":0},"end":{"line":211,"column":15}}},"s":{"0":0,"1":0,"2":0,"19":0,"20":0,"21":0,"22":0,"23":0,"24":0,"25":0,"26":0,"27":0,"28":0,"29":0,"30":0,"31":0,"32":0,"33":0,"34":0,"35":0,"36":0,"37":0,"38":0,"39":0,"40":0,"41":0,"42":0,"43":0,"44":0,"45":0,"46":0,"47":0,"48":0,"49":0,"50":0,"51":0,"52":0,"53":0,"54":0,"55":0,"56":0,"57":0,"58":0,"59":0,"60":0,"61":0,"62":0,"63":0,"64":0,"65":0,"66":0,"67":0,"68":0,"69":0,"70":0,"71":0,"72":0,"73":0,"74":0,"75":0,"76":0,"77":0,"85":0,"86":0,"87":0,"88":0,"89":0,"90":0,"91":0,"92":0,"93":0,"94":0,"95":0,"96":0,"97":0,"99":0,"116":0,"117":0,"118":0,"119":0,"120":0,"121":0,"122":0,"123":0,"124":0,"125":0,"126":0,"127":0,"128":0,"129":0,"130":0,"131":0,"132":0,"133":0,"134":0,"135":0,"136":0,"137":0,"138":0,"139":0,"140":0,"141":0,"142":0,"143":0,"144":0,"145":0,"146":0,"147":0,"148":0,"149":0,"150":0,"151":0,"152":0,"153":0,"154":0,"155":0,"156":0,"157":0,"158":0,"159":0,"160":0,"161":0,"162":0,"163":0,"164":0,"165":0,"166":0,"167":0,"168":0,"169":0,"170":0,"171":0,"172":0,"173":0,"174":0,"181":0,"182":0,"183":0,"184":0,"185":0,"186":0,"187":0,"188":0,"189":0,"197":0,"198":0,"199":0,"200":0,"201":0,"202":0,"203":0,"204":0,"205":0,"206":0,"207":0,"208":0,"209":0,"210":0},"branchMap":{"0":{"type":"branch","line":1,"loc":{"start":{"line":1,"column":0},"end":{"line":211,"column":-21}},"locations":[{"start":{"line":1,"column":0},"end":{"line":211,"column":-21}}]}},"b":{"0":[0]},"fnMap":{"0":{"name":"(empty-report)","decl":{"start":{"line":1,"column":0},"end":{"line":211,"column":-21}},"loc":{"start":{"line":1,"column":0},"end":{"line":211,"column":-21}},"line":1}},"f":{"0":0}}
,"/home/usuario/prct08-filesystem-funko-app-alu0101539669/src/funciones.ts": {"path":"/home/usuario/prct08-filesystem-funko-app-alu0101539669/src/funciones.ts","all":false,"statementMap":{"0":{"start":{"line":1,"column":0},"end":{"line":1,"column":35}},"1":{"start":{"line":2,"column":0},"end":{"line":2,"column":96}},"2":{"start":{"line":3,"column":0},"end":{"line":3,"column":26}},"3":{"start":{"line":4,"column":0},"end":{"line":4,"column":41}},"10":{"start":{"line":11,"column":0},"end":{"line":11,"column":54}},"11":{"start":{"line":12,"column":0},"end":{"line":12,"column":34}},"12":{"start":{"line":13,"column":0},"end":{"line":13,"column":64}},"13":{"start":{"line":14,"column":0},"end":{"line":14,"column":35}},"15":{"start":{"line":16,"column":0},"end":{"line":16,"column":31}},"16":{"start":{"line":17,"column":0},"end":{"line":17,"column":88}},"17":{"start":{"line":18,"column":0},"end":{"line":18,"column":39}},"18":{"start":{"line":19,"column":0},"end":{"line":19,"column":194}},"19":{"start":{"line":20,"column":0},"end":{"line":20,"column":5}},"21":{"start":{"line":22,"column":0},"end":{"line":22,"column":22}},"22":{"start":{"line":23,"column":0},"end":{"line":23,"column":1}},"40":{"start":{"line":41,"column":0},"end":{"line":41,"column":240}},"42":{"start":{"line":43,"column":0},"end":{"line":43,"column":33}},"43":{"start":{"line":44,"column":0},"end":{"line":44,"column":46}},"44":{"start":{"line":45,"column":0},"end":{"line":45,"column":35}},"46":{"start":{"line":47,"column":0},"end":{"line":47,"column":46}},"47":{"start":{"line":48,"column":0},"end":{"line":48,"column":3}},"48":{"start":{"line":49,"column":0},"end":{"line":49,"column":64}},"49":{"start":{"line":50,"column":0},"end":{"line":50,"column":21}},"50":{"start":{"line":51,"column":0},"end":{"line":51,"column":31}},"51":{"start":{"line":52,"column":0},"end":{"line":52,"column":88}},"52":{"start":{"line":53,"column":0},"end":{"line":53,"column":39}},"53":{"start":{"line":54,"column":0},"end":{"line":54,"column":25}},"55":{"start":{"line":56,"column":0},"end":{"line":56,"column":22}},"56":{"start":{"line":57,"column":0},"end":{"line":57,"column":81}},"57":{"start":{"line":58,"column":0},"end":{"line":58,"column":5}},"58":{"start":{"line":59,"column":0},"end":{"line":59,"column":5}},"59":{"start":{"line":60,"column":0},"end":{"line":60,"column":25}},"61":{"start":{"line":62,"column":0},"end":{"line":62,"column":44}},"62":{"start":{"line":63,"column":0},"end":{"line":63,"column":29}},"63":{"start":{"line":64,"column":0},"end":{"line":64,"column":39}},"64":{"start":{"line":65,"column":0},"end":{"line":65,"column":30}},"65":{"start":{"line":66,"column":0},"end":{"line":66,"column":28}},"66":{"start":{"line":67,"column":0},"end":{"line":67,"column":7}},"67":{"start":{"line":68,"column":0},"end":{"line":68,"column":7}},"68":{"start":{"line":69,"column":0},"end":{"line":69,"column":33}},"69":{"start":{"line":70,"column":0},"end":{"line":70,"column":60}},"70":{"start":{"line":71,"column":0},"end":{"line":71,"column":19}},"71":{"start":{"line":72,"column":0},"end":{"line":72,"column":5}},"73":{"start":{"line":74,"column":0},"end":{"line":74,"column":48}},"74":{"start":{"line":75,"column":0},"end":{"line":75,"column":31}},"75":{"start":{"line":76,"column":0},"end":{"line":76,"column":43}},"76":{"start":{"line":77,"column":0},"end":{"line":77,"column":34}},"77":{"start":{"line":78,"column":0},"end":{"line":78,"column":30}},"78":{"start":{"line":79,"column":0},"end":{"line":79,"column":7}},"79":{"start":{"line":80,"column":0},"end":{"line":80,"column":7}},"80":{"start":{"line":81,"column":0},"end":{"line":81,"column":35}},"81":{"start":{"line":82,"column":0},"end":{"line":82,"column":64}},"82":{"start":{"line":83,"column":0},"end":{"line":83,"column":19}},"83":{"start":{"line":84,"column":0},"end":{"line":84,"column":5}},"85":{"start":{"line":86,"column":0},"end":{"line":86,"column":143}},"86":{"start":{"line":87,"column":0},"end":{"line":87,"column":95}},"87":{"start":{"line":88,"column":0},"end":{"line":88,"column":70}},"88":{"start":{"line":89,"column":0},"end":{"line":89,"column":3}},"89":{"start":{"line":90,"column":0},"end":{"line":90,"column":17}},"90":{"start":{"line":91,"column":0},"end":{"line":91,"column":1}},"98":{"start":{"line":99,"column":0},"end":{"line":99,"column":69}},"100":{"start":{"line":101,"column":0},"end":{"line":101,"column":33}},"101":{"start":{"line":102,"column":0},"end":{"line":102,"column":46}},"102":{"start":{"line":103,"column":0},"end":{"line":103,"column":35}},"103":{"start":{"line":104,"column":0},"end":{"line":104,"column":61}},"104":{"start":{"line":105,"column":0},"end":{"line":105,"column":17}},"105":{"start":{"line":106,"column":0},"end":{"line":106,"column":3}},"106":{"start":{"line":107,"column":0},"end":{"line":107,"column":64}},"109":{"start":{"line":110,"column":0},"end":{"line":110,"column":22}},"110":{"start":{"line":111,"column":0},"end":{"line":111,"column":21}},"111":{"start":{"line":112,"column":0},"end":{"line":112,"column":31}},"112":{"start":{"line":113,"column":0},"end":{"line":113,"column":88}},"113":{"start":{"line":114,"column":0},"end":{"line":114,"column":39}},"114":{"start":{"line":115,"column":0},"end":{"line":115,"column":26}},"116":{"start":{"line":117,"column":0},"end":{"line":117,"column":21}},"117":{"start":{"line":118,"column":0},"end":{"line":118,"column":31}},"118":{"start":{"line":119,"column":0},"end":{"line":119,"column":5}},"119":{"start":{"line":120,"column":0},"end":{"line":120,"column":5}},"121":{"start":{"line":122,"column":0},"end":{"line":122,"column":26}},"122":{"start":{"line":123,"column":0},"end":{"line":123,"column":72}},"123":{"start":{"line":124,"column":0},"end":{"line":124,"column":17}},"124":{"start":{"line":125,"column":0},"end":{"line":125,"column":3}},"125":{"start":{"line":126,"column":0},"end":{"line":126,"column":8}},"127":{"start":{"line":128,"column":0},"end":{"line":128,"column":69}},"128":{"start":{"line":129,"column":0},"end":{"line":129,"column":74}},"129":{"start":{"line":130,"column":0},"end":{"line":130,"column":16}},"130":{"start":{"line":131,"column":0},"end":{"line":131,"column":3}},"132":{"start":{"line":133,"column":0},"end":{"line":133,"column":1}},"149":{"start":{"line":150,"column":0},"end":{"line":150,"column":246}},"151":{"start":{"line":152,"column":0},"end":{"line":152,"column":33}},"152":{"start":{"line":153,"column":0},"end":{"line":153,"column":46}},"153":{"start":{"line":154,"column":0},"end":{"line":154,"column":35}},"154":{"start":{"line":155,"column":0},"end":{"line":155,"column":61}},"155":{"start":{"line":156,"column":0},"end":{"line":156,"column":17}},"156":{"start":{"line":157,"column":0},"end":{"line":157,"column":3}},"157":{"start":{"line":158,"column":0},"end":{"line":158,"column":64}},"160":{"start":{"line":161,"column":0},"end":{"line":161,"column":22}},"161":{"start":{"line":162,"column":0},"end":{"line":162,"column":21}},"162":{"start":{"line":163,"column":0},"end":{"line":163,"column":31}},"163":{"start":{"line":164,"column":0},"end":{"line":164,"column":88}},"164":{"start":{"line":165,"column":0},"end":{"line":165,"column":39}},"165":{"start":{"line":166,"column":0},"end":{"line":166,"column":24}},"167":{"start":{"line":168,"column":0},"end":{"line":168,"column":21}},"168":{"start":{"line":169,"column":0},"end":{"line":169,"column":31}},"169":{"start":{"line":170,"column":0},"end":{"line":170,"column":5}},"170":{"start":{"line":171,"column":0},"end":{"line":171,"column":5}},"172":{"start":{"line":173,"column":0},"end":{"line":173,"column":26}},"173":{"start":{"line":174,"column":0},"end":{"line":174,"column":72}},"174":{"start":{"line":175,"column":0},"end":{"line":175,"column":17}},"175":{"start":{"line":176,"column":0},"end":{"line":176,"column":3}},"176":{"start":{"line":177,"column":0},"end":{"line":177,"column":8}},"177":{"start":{"line":178,"column":0},"end":{"line":178,"column":44}},"178":{"start":{"line":179,"column":0},"end":{"line":179,"column":29}},"179":{"start":{"line":180,"column":0},"end":{"line":180,"column":39}},"180":{"start":{"line":181,"column":0},"end":{"line":181,"column":30}},"181":{"start":{"line":182,"column":0},"end":{"line":182,"column":28}},"182":{"start":{"line":183,"column":0},"end":{"line":183,"column":7}},"183":{"start":{"line":184,"column":0},"end":{"line":184,"column":7}},"184":{"start":{"line":185,"column":0},"end":{"line":185,"column":33}},"185":{"start":{"line":186,"column":0},"end":{"line":186,"column":60}},"186":{"start":{"line":187,"column":0},"end":{"line":187,"column":19}},"187":{"start":{"line":188,"column":0},"end":{"line":188,"column":5}},"189":{"start":{"line":190,"column":0},"end":{"line":190,"column":48}},"190":{"start":{"line":191,"column":0},"end":{"line":191,"column":31}},"191":{"start":{"line":192,"column":0},"end":{"line":192,"column":43}},"192":{"start":{"line":193,"column":0},"end":{"line":193,"column":34}},"193":{"start":{"line":194,"column":0},"end":{"line":194,"column":30}},"194":{"start":{"line":195,"column":0},"end":{"line":195,"column":7}},"195":{"start":{"line":196,"column":0},"end":{"line":196,"column":7}},"196":{"start":{"line":197,"column":0},"end":{"line":197,"column":35}},"197":{"start":{"line":198,"column":0},"end":{"line":198,"column":64}},"198":{"start":{"line":199,"column":0},"end":{"line":199,"column":19}},"199":{"start":{"line":200,"column":0},"end":{"line":200,"column":5}},"201":{"start":{"line":202,"column":0},"end":{"line":202,"column":70}},"203":{"start":{"line":204,"column":0},"end":{"line":204,"column":143}},"204":{"start":{"line":205,"column":0},"end":{"line":205,"column":95}},"205":{"start":{"line":206,"column":0},"end":{"line":206,"column":73}},"206":{"start":{"line":207,"column":0},"end":{"line":207,"column":16}},"207":{"start":{"line":208,"column":0},"end":{"line":208,"column":3}},"209":{"start":{"line":210,"column":0},"end":{"line":210,"column":1}},"216":{"start":{"line":217,"column":0},"end":{"line":217,"column":55}},"218":{"start":{"line":219,"column":0},"end":{"line":219,"column":33}},"219":{"start":{"line":220,"column":0},"end":{"line":220,"column":46}},"220":{"start":{"line":221,"column":0},"end":{"line":221,"column":35}},"221":{"start":{"line":222,"column":0},"end":{"line":222,"column":61}},"222":{"start":{"line":223,"column":0},"end":{"line":223,"column":17}},"223":{"start":{"line":224,"column":0},"end":{"line":224,"column":3}},"224":{"start":{"line":225,"column":0},"end":{"line":225,"column":43}},"225":{"start":{"line":226,"column":0},"end":{"line":226,"column":34}},"226":{"start":{"line":227,"column":0},"end":{"line":227,"column":58}},"227":{"start":{"line":228,"column":0},"end":{"line":228,"column":17}},"228":{"start":{"line":229,"column":0},"end":{"line":229,"column":3}},"229":{"start":{"line":230,"column":0},"end":{"line":230,"column":63}},"230":{"start":{"line":231,"column":0},"end":{"line":231,"column":35}},"231":{"start":{"line":232,"column":0},"end":{"line":232,"column":68}},"232":{"start":{"line":233,"column":0},"end":{"line":233,"column":51}},"233":{"start":{"line":234,"column":0},"end":{"line":234,"column":59}},"234":{"start":{"line":235,"column":0},"end":{"line":235,"column":69}},"235":{"start":{"line":236,"column":0},"end":{"line":236,"column":55}},"236":{"start":{"line":237,"column":0},"end":{"line":237,"column":59}},"237":{"start":{"line":238,"column":0},"end":{"line":238,"column":67}},"238":{"start":{"line":239,"column":0},"end":{"line":239,"column":59}},"239":{"start":{"line":240,"column":0},"end":{"line":240,"column":65}},"240":{"start":{"line":241,"column":0},"end":{"line":241,"column":98}},"241":{"start":{"line":242,"column":0},"end":{"line":242,"column":38}},"242":{"start":{"line":243,"column":0},"end":{"line":243,"column":77}},"243":{"start":{"line":244,"column":0},"end":{"line":244,"column":5}},"244":{"start":{"line":245,"column":0},"end":{"line":245,"column":74}},"245":{"start":{"line":246,"column":0},"end":{"line":246,"column":78}},"246":{"start":{"line":247,"column":0},"end":{"line":247,"column":5}},"247":{"start":{"line":248,"column":0},"end":{"line":248,"column":75}},"248":{"start":{"line":249,"column":0},"end":{"line":249,"column":75}},"249":{"start":{"line":250,"column":0},"end":{"line":250,"column":9}},"250":{"start":{"line":251,"column":0},"end":{"line":251,"column":10}},"251":{"start":{"line":252,"column":0},"end":{"line":252,"column":76}},"252":{"start":{"line":253,"column":0},"end":{"line":253,"column":5}},"253":{"start":{"line":254,"column":0},"end":{"line":254,"column":18}},"254":{"start":{"line":255,"column":0},"end":{"line":255,"column":5}},"255":{"start":{"line":256,"column":0},"end":{"line":256,"column":14}},"257":{"start":{"line":258,"column":0},"end":{"line":258,"column":1}},"265":{"start":{"line":266,"column":0},"end":{"line":266,"column":68}},"266":{"start":{"line":267,"column":0},"end":{"line":267,"column":22}},"268":{"start":{"line":269,"column":0},"end":{"line":269,"column":33}},"269":{"start":{"line":270,"column":0},"end":{"line":270,"column":46}},"270":{"start":{"line":271,"column":0},"end":{"line":271,"column":35}},"271":{"start":{"line":272,"column":0},"end":{"line":272,"column":61}},"272":{"start":{"line":273,"column":0},"end":{"line":273,"column":17}},"273":{"start":{"line":274,"column":0},"end":{"line":274,"column":3}},"275":{"start":{"line":276,"column":0},"end":{"line":276,"column":64}},"276":{"start":{"line":277,"column":0},"end":{"line":277,"column":22}},"277":{"start":{"line":278,"column":0},"end":{"line":278,"column":31}},"278":{"start":{"line":279,"column":0},"end":{"line":279,"column":88}},"279":{"start":{"line":280,"column":0},"end":{"line":280,"column":39}},"280":{"start":{"line":281,"column":0},"end":{"line":281,"column":50}},"282":{"start":{"line":283,"column":0},"end":{"line":283,"column":21}},"283":{"start":{"line":284,"column":0},"end":{"line":284,"column":188}},"284":{"start":{"line":285,"column":0},"end":{"line":285,"column":70}},"285":{"start":{"line":286,"column":0},"end":{"line":286,"column":56}},"286":{"start":{"line":287,"column":0},"end":{"line":287,"column":64}},"287":{"start":{"line":288,"column":0},"end":{"line":288,"column":74}},"288":{"start":{"line":289,"column":0},"end":{"line":289,"column":60}},"289":{"start":{"line":290,"column":0},"end":{"line":290,"column":64}},"290":{"start":{"line":291,"column":0},"end":{"line":291,"column":72}},"291":{"start":{"line":292,"column":0},"end":{"line":292,"column":64}},"292":{"start":{"line":293,"column":0},"end":{"line":293,"column":70}},"293":{"start":{"line":294,"column":0},"end":{"line":294,"column":103}},"294":{"start":{"line":295,"column":0},"end":{"line":295,"column":43}},"295":{"start":{"line":296,"column":0},"end":{"line":296,"column":82}},"296":{"start":{"line":297,"column":0},"end":{"line":297,"column":7}},"297":{"start":{"line":298,"column":0},"end":{"line":298,"column":82}},"298":{"start":{"line":299,"column":0},"end":{"line":299,"column":83}},"299":{"start":{"line":300,"column":0},"end":{"line":300,"column":7}},"300":{"start":{"line":301,"column":0},"end":{"line":301,"column":83}},"301":{"start":{"line":302,"column":0},"end":{"line":302,"column":80}},"302":{"start":{"line":303,"column":0},"end":{"line":303,"column":11}},"303":{"start":{"line":304,"column":0},"end":{"line":304,"column":12}},"304":{"start":{"line":305,"column":0},"end":{"line":305,"column":81}},"305":{"start":{"line":306,"column":0},"end":{"line":306,"column":7}},"306":{"start":{"line":307,"column":0},"end":{"line":307,"column":20}},"308":{"start":{"line":309,"column":0},"end":{"line":309,"column":5}},"309":{"start":{"line":310,"column":0},"end":{"line":310,"column":3}},"310":{"start":{"line":311,"column":0},"end":{"line":311,"column":4}},"311":{"start":{"line":312,"column":0},"end":{"line":312,"column":26}},"312":{"start":{"line":313,"column":0},"end":{"line":313,"column":64}},"313":{"start":{"line":314,"column":0},"end":{"line":314,"column":17}},"314":{"start":{"line":315,"column":0},"end":{"line":315,"column":3}},"315":{"start":{"line":316,"column":0},"end":{"line":316,"column":8}},"316":{"start":{"line":317,"column":0},"end":{"line":317,"column":16}},"317":{"start":{"line":318,"column":0},"end":{"line":318,"column":3}},"318":{"start":{"line":319,"column":0},"end":{"line":319,"column":1}}},"s":{"0":1,"1":1,"2":1,"3":1,"10":1,"11":3,"12":3,"13":3,"15":3,"16":6,"17":6,"18":6,"19":3,"21":3,"22":3,"40":1,"42":8,"43":8,"44":8,"46":1,"47":1,"48":8,"49":8,"50":8,"51":13,"52":13,"53":13,"55":1,"56":1,"57":1,"58":8,"59":8,"61":7,"62":7,"63":7,"64":35,"65":6,"66":6,"67":7,"68":7,"69":1,"70":1,"71":1,"73":6,"74":6,"75":6,"76":36,"77":5,"78":5,"79":6,"80":7,"81":1,"82":1,"83":1,"85":5,"86":5,"87":5,"88":5,"89":6,"90":6,"98":1,"100":3,"101":3,"102":3,"103":1,"104":1,"105":1,"106":2,"109":2,"110":2,"111":2,"112":9,"113":9,"114":9,"116":1,"117":1,"118":1,"119":2,"121":3,"122":1,"123":1,"124":1,"125":1,"127":1,"128":1,"129":1,"130":1,"132":3,"149":1,"151":5,"152":5,"153":5,"154":1,"155":1,"156":1,"157":4,"160":4,"161":4,"162":4,"163":4,"164":4,"165":4,"167":3,"168":3,"169":3,"170":4,"172":5,"173":1,"174":1,"175":1,"176":3,"177":3,"178":3,"179":3,"180":15,"181":2,"182":2,"183":3,"184":3,"185":1,"186":1,"187":1,"189":2,"190":2,"191":2,"192":12,"193":1,"194":1,"195":2,"196":3,"197":1,"198":1,"199":1,"201":1,"203":1,"204":1,"205":1,"206":1,"207":1,"209":5,"216":1,"218":3,"219":3,"220":3,"221":1,"222":1,"223":1,"224":2,"225":3,"226":1,"227":1,"228":1,"229":1,"230":1,"231":5,"232":5,"233":5,"234":5,"235":5,"236":5,"237":5,"238":5,"239":5,"240":5,"241":5,"242":1,"243":1,"244":4,"245":1,"246":1,"247":3,"248":2,"249":2,"250":1,"251":1,"252":1,"253":5,"254":1,"255":1,"257":1,"265":1,"266":7,"268":7,"269":7,"270":7,"271":1,"272":1,"273":1,"275":6,"276":6,"277":6,"278":30,"279":30,"280":30,"282":5,"283":5,"284":5,"285":5,"286":5,"287":5,"288":5,"289":5,"290":5,"291":5,"292":5,"293":5,"294":5,"295":1,"296":1,"297":4,"298":1,"299":1,"300":3,"301":2,"302":2,"303":1,"304":1,"305":1,"306":5,"308":5,"309":30,"310":6,"311":7,"312":1,"313":1,"314":1,"315":5,"316":5,"317":5,"318":7},"branchMap":{"0":{"type":"branch","line":11,"loc":{"start":{"line":11,"column":7},"end":{"line":23,"column":1}},"locations":[{"start":{"line":11,"column":7},"end":{"line":23,"column":1}}]},"1":{"type":"branch","line":16,"loc":{"start":{"line":16,"column":20},"end":{"line":20,"column":3}},"locations":[{"start":{"line":16,"column":20},"end":{"line":20,"column":3}}]},"2":{"type":"branch","line":41,"loc":{"start":{"line":41,"column":7},"end":{"line":91,"column":1}},"locations":[{"start":{"line":41,"column":7},"end":{"line":91,"column":1}}]},"3":{"type":"branch","line":45,"loc":{"start":{"line":45,"column":34},"end":{"line":48,"column":3}},"locations":[{"start":{"line":45,"column":34},"end":{"line":48,"column":3}}]},"4":{"type":"branch","line":60,"loc":{"start":{"line":60,"column":24},"end":{"line":89,"column":3}},"locations":[{"start":{"line":60,"column":24},"end":{"line":89,"column":3}}]},"5":{"type":"branch","line":69,"loc":{"start":{"line":69,"column":32},"end":{"line":72,"column":5}},"locations":[{"start":{"line":69,"column":32},"end":{"line":72,"column":5}}]},"6":{"type":"branch","line":72,"loc":{"start":{"line":72,"column":4},"end":{"line":81,"column":34}},"locations":[{"start":{"line":72,"column":4},"end":{"line":81,"column":34}}]},"7":{"type":"branch","line":81,"loc":{"start":{"line":81,"column":34},"end":{"line":84,"column":5}},"locations":[{"start":{"line":81,"column":34},"end":{"line":84,"column":5}}]},"8":{"type":"branch","line":84,"loc":{"start":{"line":84,"column":4},"end":{"line":89,"column":3}},"locations":[{"start":{"line":84,"column":4},"end":{"line":89,"column":3}}]},"9":{"type":"branch","line":89,"loc":{"start":{"line":89,"column":2},"end":{"line":91,"column":1}},"locations":[{"start":{"line":89,"column":2},"end":{"line":91,"column":1}}]},"10":{"type":"branch","line":51,"loc":{"start":{"line":51,"column":20},"end":{"line":59,"column":3}},"locations":[{"start":{"line":51,"column":20},"end":{"line":59,"column":3}}]},"11":{"type":"branch","line":54,"loc":{"start":{"line":54,"column":24},"end":{"line":58,"column":5}},"locations":[{"start":{"line":54,"column":24},"end":{"line":58,"column":5}}]},"12":{"type":"branch","line":64,"loc":{"start":{"line":64,"column":24},"end":{"line":68,"column":5}},"locations":[{"start":{"line":64,"column":24},"end":{"line":68,"column":5}}]},"13":{"type":"branch","line":65,"loc":{"start":{"line":65,"column":29},"end":{"line":67,"column":7}},"locations":[{"start":{"line":65,"column":29},"end":{"line":67,"column":7}}]},"14":{"type":"branch","line":76,"loc":{"start":{"line":76,"column":26},"end":{"line":80,"column":5}},"locations":[{"start":{"line":76,"column":26},"end":{"line":80,"column":5}}]},"15":{"type":"branch","line":77,"loc":{"start":{"line":77,"column":33},"end":{"line":79,"column":7}},"locations":[{"start":{"line":77,"column":33},"end":{"line":79,"column":7}}]},"16":{"type":"branch","line":99,"loc":{"start":{"line":99,"column":7},"end":{"line":133,"column":1}},"locations":[{"start":{"line":99,"column":7},"end":{"line":133,"column":1}}]},"17":{"type":"branch","line":103,"loc":{"start":{"line":103,"column":34},"end":{"line":106,"column":3}},"locations":[{"start":{"line":103,"column":34},"end":{"line":106,"column":3}}]},"18":{"type":"branch","line":106,"loc":{"start":{"line":106,"column":2},"end":{"line":122,"column":25}},"locations":[{"start":{"line":106,"column":2},"end":{"line":122,"column":25}}]},"19":{"type":"branch","line":122,"loc":{"start":{"line":122,"column":25},"end":{"line":131,"column":3}},"locations":[{"start":{"line":122,"column":25},"end":{"line":131,"column":3}}]},"20":{"type":"branch","line":112,"loc":{"start":{"line":112,"column":20},"end":{"line":120,"column":3}},"locations":[{"start":{"line":112,"column":20},"end":{"line":120,"column":3}}]},"21":{"type":"branch","line":115,"loc":{"start":{"line":115,"column":25},"end":{"line":119,"column":5}},"locations":[{"start":{"line":115,"column":25},"end":{"line":119,"column":5}}]},"22":{"type":"branch","line":150,"loc":{"start":{"line":150,"column":7},"end":{"line":210,"column":1}},"locations":[{"start":{"line":150,"column":7},"end":{"line":210,"column":1}}]},"23":{"type":"branch","line":154,"loc":{"start":{"line":154,"column":34},"end":{"line":157,"column":3}},"locations":[{"start":{"line":154,"column":34},"end":{"line":157,"column":3}}]},"24":{"type":"branch","line":157,"loc":{"start":{"line":157,"column":2},"end":{"line":173,"column":25}},"locations":[{"start":{"line":157,"column":2},"end":{"line":173,"column":25}}]},"25":{"type":"branch","line":173,"loc":{"start":{"line":173,"column":25},"end":{"line":176,"column":3}},"locations":[{"start":{"line":173,"column":25},"end":{"line":176,"column":3}}]},"26":{"type":"branch","line":176,"loc":{"start":{"line":176,"column":2},"end":{"line":208,"column":3}},"locations":[{"start":{"line":176,"column":2},"end":{"line":208,"column":3}}]},"27":{"type":"branch","line":185,"loc":{"start":{"line":185,"column":32},"end":{"line":188,"column":5}},"locations":[{"start":{"line":185,"column":32},"end":{"line":188,"column":5}}]},"28":{"type":"branch","line":188,"loc":{"start":{"line":188,"column":4},"end":{"line":197,"column":34}},"locations":[{"start":{"line":188,"column":4},"end":{"line":197,"column":34}}]},"29":{"type":"branch","line":197,"loc":{"start":{"line":197,"column":34},"end":{"line":208,"column":3}},"locations":[{"start":{"line":197,"column":34},"end":{"line":208,"column":3}}]},"30":{"type":"branch","line":163,"loc":{"start":{"line":163,"column":20},"end":{"line":171,"column":3}},"locations":[{"start":{"line":163,"column":20},"end":{"line":171,"column":3}}]},"31":{"type":"branch","line":166,"loc":{"start":{"line":166,"column":23},"end":{"line":170,"column":5}},"locations":[{"start":{"line":166,"column":23},"end":{"line":170,"column":5}}]},"32":{"type":"branch","line":180,"loc":{"start":{"line":180,"column":24},"end":{"line":184,"column":5}},"locations":[{"start":{"line":180,"column":24},"end":{"line":184,"column":5}}]},"33":{"type":"branch","line":181,"loc":{"start":{"line":181,"column":29},"end":{"line":183,"column":7}},"locations":[{"start":{"line":181,"column":29},"end":{"line":183,"column":7}}]},"34":{"type":"branch","line":192,"loc":{"start":{"line":192,"column":26},"end":{"line":196,"column":5}},"locations":[{"start":{"line":192,"column":26},"end":{"line":196,"column":5}}]},"35":{"type":"branch","line":193,"loc":{"start":{"line":193,"column":33},"end":{"line":195,"column":7}},"locations":[{"start":{"line":193,"column":33},"end":{"line":195,"column":7}}]},"36":{"type":"branch","line":217,"loc":{"start":{"line":217,"column":7},"end":{"line":258,"column":1}},"locations":[{"start":{"line":217,"column":7},"end":{"line":258,"column":1}}]},"37":{"type":"branch","line":221,"loc":{"start":{"line":221,"column":34},"end":{"line":224,"column":3}},"locations":[{"start":{"line":221,"column":34},"end":{"line":224,"column":3}}]},"38":{"type":"branch","line":224,"loc":{"start":{"line":224,"column":2},"end":{"line":226,"column":33}},"locations":[{"start":{"line":224,"column":2},"end":{"line":226,"column":33}}]},"39":{"type":"branch","line":226,"loc":{"start":{"line":226,"column":33},"end":{"line":258,"column":1}},"locations":[{"start":{"line":226,"column":33},"end":{"line":258,"column":1}}]},"40":{"type":"branch","line":231,"loc":{"start":{"line":231,"column":23},"end":{"line":255,"column":3}},"locations":[{"start":{"line":231,"column":23},"end":{"line":255,"column":3}}]},"41":{"type":"branch","line":242,"loc":{"start":{"line":242,"column":37},"end":{"line":244,"column":5}},"locations":[{"start":{"line":242,"column":37},"end":{"line":244,"column":5}}]},"42":{"type":"branch","line":244,"loc":{"start":{"line":244,"column":4},"end":{"line":253,"column":5}},"locations":[{"start":{"line":244,"column":4},"end":{"line":253,"column":5}}]},"43":{"type":"branch","line":245,"loc":{"start":{"line":245,"column":73},"end":{"line":247,"column":5}},"locations":[{"start":{"line":245,"column":73},"end":{"line":247,"column":5}}]},"44":{"type":"branch","line":247,"loc":{"start":{"line":247,"column":4},"end":{"line":253,"column":5}},"locations":[{"start":{"line":247,"column":4},"end":{"line":253,"column":5}}]},"45":{"type":"branch","line":248,"loc":{"start":{"line":248,"column":74},"end":{"line":250,"column":9}},"locations":[{"start":{"line":248,"column":74},"end":{"line":250,"column":9}}]},"46":{"type":"branch","line":250,"loc":{"start":{"line":250,"column":4},"end":{"line":253,"column":5}},"locations":[{"start":{"line":250,"column":4},"end":{"line":253,"column":5}}]},"47":{"type":"branch","line":266,"loc":{"start":{"line":266,"column":7},"end":{"line":319,"column":1}},"locations":[{"start":{"line":266,"column":7},"end":{"line":319,"column":1}}]},"48":{"type":"branch","line":271,"loc":{"start":{"line":271,"column":34},"end":{"line":274,"column":3}},"locations":[{"start":{"line":271,"column":34},"end":{"line":274,"column":3}}]},"49":{"type":"branch","line":274,"loc":{"start":{"line":274,"column":2},"end":{"line":312,"column":25}},"locations":[{"start":{"line":274,"column":2},"end":{"line":312,"column":25}}]},"50":{"type":"branch","line":312,"loc":{"start":{"line":312,"column":25},"end":{"line":315,"column":3}},"locations":[{"start":{"line":312,"column":25},"end":{"line":315,"column":3}}]},"51":{"type":"branch","line":315,"loc":{"start":{"line":315,"column":2},"end":{"line":318,"column":3}},"locations":[{"start":{"line":315,"column":2},"end":{"line":318,"column":3}}]},"52":{"type":"branch","line":278,"loc":{"start":{"line":278,"column":20},"end":{"line":310,"column":3}},"locations":[{"start":{"line":278,"column":20},"end":{"line":310,"column":3}}]},"53":{"type":"branch","line":281,"loc":{"start":{"line":281,"column":21},"end":{"line":281,"column":49}},"locations":[{"start":{"line":281,"column":21},"end":{"line":281,"column":49}}]},"54":{"type":"branch","line":281,"loc":{"start":{"line":281,"column":49},"end":{"line":309,"column":5}},"locations":[{"start":{"line":281,"column":49},"end":{"line":309,"column":5}}]},"55":{"type":"branch","line":295,"loc":{"start":{"line":295,"column":42},"end":{"line":297,"column":7}},"locations":[{"start":{"line":295,"column":42},"end":{"line":297,"column":7}}]},"56":{"type":"branch","line":297,"loc":{"start":{"line":297,"column":6},"end":{"line":306,"column":7}},"locations":[{"start":{"line":297,"column":6},"end":{"line":306,"column":7}}]},"57":{"type":"branch","line":298,"loc":{"start":{"line":298,"column":81},"end":{"line":300,"column":7}},"locations":[{"start":{"line":298,"column":81},"end":{"line":300,"column":7}}]},"58":{"type":"branch","line":300,"loc":{"start":{"line":300,"column":6},"end":{"line":306,"column":7}},"locations":[{"start":{"line":300,"column":6},"end":{"line":306,"column":7}}]},"59":{"type":"branch","line":301,"loc":{"start":{"line":301,"column":82},"end":{"line":303,"column":11}},"locations":[{"start":{"line":301,"column":82},"end":{"line":303,"column":11}}]},"60":{"type":"branch","line":303,"loc":{"start":{"line":303,"column":6},"end":{"line":306,"column":7}},"locations":[{"start":{"line":303,"column":6},"end":{"line":306,"column":7}}]}},"b":{"0":[3],"1":[6],"2":[8],"3":[1],"4":[7],"5":[1],"6":[6],"7":[1],"8":[5],"9":[6],"10":[13],"11":[1],"12":[35],"13":[6],"14":[36],"15":[5],"16":[3],"17":[1],"18":[2],"19":[1],"20":[9],"21":[1],"22":[5],"23":[1],"24":[4],"25":[1],"26":[3],"27":[1],"28":[2],"29":[1],"30":[4],"31":[3],"32":[15],"33":[2],"34":[12],"35":[1],"36":[3],"37":[1],"38":[2],"39":[1],"40":[5],"41":[1],"42":[4],"43":[1],"44":[3],"45":[2],"46":[1],"47":[7],"48":[1],"49":[6],"50":[1],"51":[5],"52":[30],"53":[5],"54":[5],"55":[1],"56":[4],"57":[1],"58":[3],"59":[2],"60":[1]},"fnMap":{"0":{"name":"leerFunkos","decl":{"start":{"line":11,"column":7},"end":{"line":23,"column":1}},"loc":{"start":{"line":11,"column":7},"end":{"line":23,"column":1}},"line":11},"1":{"name":"addFunko","decl":{"start":{"line":41,"column":7},"end":{"line":91,"column":1}},"loc":{"start":{"line":41,"column":7},"end":{"line":91,"column":1}},"line":41},"2":{"name":"eliminarFunko","decl":{"start":{"line":99,"column":7},"end":{"line":133,"column":1}},"loc":{"start":{"line":99,"column":7},"end":{"line":133,"column":1}},"line":99},"3":{"name":"modificarFunko","decl":{"start":{"line":150,"column":7},"end":{"line":210,"column":1}},"loc":{"start":{"line":150,"column":7},"end":{"line":210,"column":1}},"line":150},"4":{"name":"listaFunkos","decl":{"start":{"line":217,"column":7},"end":{"line":258,"column":1}},"loc":{"start":{"line":217,"column":7},"end":{"line":258,"column":1}},"line":217},"5":{"name":"mostrarFunko","decl":{"start":{"line":266,"column":7},"end":{"line":319,"column":1}},"loc":{"start":{"line":266,"column":7},"end":{"line":319,"column":1}},"line":266}},"f":{"0":3,"1":8,"2":3,"3":5,"4":3,"5":7}}
,"/home/usuario/prct08-filesystem-funko-app-alu0101539669/src/funko.ts": {"path":"/home/usuario/prct08-filesystem-funko-app-alu0101539669/src/funko.ts","all":false,"statementMap":{"16":{"start":{"line":17,"column":0},"end":{"line":17,"column":20}},"18":{"start":{"line":19,"column":0},"end":{"line":19,"column":21}},"19":{"start":{"line":20,"column":0},"end":{"line":20,"column":25}},"20":{"start":{"line":21,"column":0},"end":{"line":21,"column":30}},"21":{"start":{"line":22,"column":0},"end":{"line":22,"column":21}},"22":{"start":{"line":23,"column":0},"end":{"line":23,"column":25}},"23":{"start":{"line":24,"column":0},"end":{"line":24,"column":29}},"24":{"start":{"line":25,"column":0},"end":{"line":25,"column":25}},"25":{"start":{"line":26,"column":0},"end":{"line":26,"column":29}},"26":{"start":{"line":27,"column":0},"end":{"line":27,"column":44}},"27":{"start":{"line":28,"column":0},"end":{"line":28,"column":31}},"42":{"start":{"line":43,"column":0},"end":{"line":43,"column":215}},"43":{"start":{"line":44,"column":0},"end":{"line":44,"column":26}},"44":{"start":{"line":45,"column":0},"end":{"line":45,"column":36}},"45":{"start":{"line":46,"column":0},"end":{"line":46,"column":22}},"46":{"start":{"line":47,"column":0},"end":{"line":47,"column":26}},"47":{"start":{"line":48,"column":0},"end":{"line":48,"column":34}},"48":{"start":{"line":49,"column":0},"end":{"line":49,"column":26}},"49":{"start":{"line":50,"column":0},"end":{"line":50,"column":32}},"50":{"start":{"line":51,"column":0},"end":{"line":51,"column":64}},"51":{"start":{"line":52,"column":0},"end":{"line":52,"column":38}},"52":{"start":{"line":53,"column":0},"end":{"line":53,"column":18}},"53":{"start":{"line":54,"column":0},"end":{"line":54,"column":3}},"58":{"start":{"line":59,"column":0},"end":{"line":59,"column":23}},"59":{"start":{"line":60,"column":0},"end":{"line":60,"column":19}},"60":{"start":{"line":61,"column":0},"end":{"line":61,"column":3}},"65":{"start":{"line":66,"column":0},"end":{"line":66,"column":26}},"66":{"start":{"line":67,"column":0},"end":{"line":67,"column":18}},"67":{"start":{"line":68,"column":0},"end":{"line":68,"column":3}},"72":{"start":{"line":73,"column":0},"end":{"line":73,"column":27}},"73":{"start":{"line":74,"column":0},"end":{"line":74,"column":23}},"74":{"start":{"line":75,"column":0},"end":{"line":75,"column":3}},"79":{"start":{"line":80,"column":0},"end":{"line":80,"column":34}},"80":{"start":{"line":81,"column":0},"end":{"line":81,"column":26}},"81":{"start":{"line":82,"column":0},"end":{"line":82,"column":3}},"86":{"start":{"line":87,"column":0},"end":{"line":87,"column":32}},"87":{"start":{"line":88,"column":0},"end":{"line":88,"column":28}},"88":{"start":{"line":89,"column":0},"end":{"line":89,"column":3}},"93":{"start":{"line":94,"column":0},"end":{"line":94,"column":44}},"94":{"start":{"line":95,"column":0},"end":{"line":95,"column":36}},"95":{"start":{"line":96,"column":0},"end":{"line":96,"column":3}},"100":{"start":{"line":101,"column":0},"end":{"line":101,"column":23}},"101":{"start":{"line":102,"column":0},"end":{"line":102,"column":21}},"102":{"start":{"line":103,"column":0},"end":{"line":103,"column":3}},"107":{"start":{"line":108,"column":0},"end":{"line":108,"column":28}},"108":{"start":{"line":109,"column":0},"end":{"line":109,"column":22}},"109":{"start":{"line":110,"column":0},"end":{"line":110,"column":3}},"114":{"start":{"line":115,"column":0},"end":{"line":115,"column":27}},"115":{"start":{"line":116,"column":0},"end":{"line":116,"column":23}},"116":{"start":{"line":117,"column":0},"end":{"line":117,"column":3}},"121":{"start":{"line":122,"column":0},"end":{"line":122,"column":34}},"122":{"start":{"line":123,"column":0},"end":{"line":123,"column":26}},"123":{"start":{"line":124,"column":0},"end":{"line":124,"column":3}},"128":{"start":{"line":129,"column":0},"end":{"line":129,"column":31}},"129":{"start":{"line":130,"column":0},"end":{"line":130,"column":27}},"130":{"start":{"line":131,"column":0},"end":{"line":131,"column":3}},"135":{"start":{"line":136,"column":0},"end":{"line":136,"column":42}},"136":{"start":{"line":137,"column":0},"end":{"line":137,"column":34}},"137":{"start":{"line":138,"column":0},"end":{"line":138,"column":3}},"142":{"start":{"line":143,"column":0},"end":{"line":143,"column":27}},"143":{"start":{"line":144,"column":0},"end":{"line":144,"column":23}},"144":{"start":{"line":145,"column":0},"end":{"line":145,"column":3}},"149":{"start":{"line":150,"column":0},"end":{"line":150,"column":34}},"150":{"start":{"line":151,"column":0},"end":{"line":151,"column":26}},"151":{"start":{"line":152,"column":0},"end":{"line":152,"column":3}},"156":{"start":{"line":157,"column":0},"end":{"line":157,"column":31}},"157":{"start":{"line":158,"column":0},"end":{"line":158,"column":26}},"158":{"start":{"line":159,"column":0},"end":{"line":159,"column":3}},"163":{"start":{"line":164,"column":0},"end":{"line":164,"column":41}},"164":{"start":{"line":165,"column":0},"end":{"line":165,"column":32}},"165":{"start":{"line":166,"column":0},"end":{"line":166,"column":3}},"170":{"start":{"line":171,"column":0},"end":{"line":171,"column":46}},"171":{"start":{"line":172,"column":0},"end":{"line":172,"column":42}},"172":{"start":{"line":173,"column":0},"end":{"line":173,"column":3}},"177":{"start":{"line":178,"column":0},"end":{"line":178,"column":72}},"178":{"start":{"line":179,"column":0},"end":{"line":179,"column":64}},"179":{"start":{"line":180,"column":0},"end":{"line":180,"column":3}},"184":{"start":{"line":185,"column":0},"end":{"line":185,"column":33}},"185":{"start":{"line":186,"column":0},"end":{"line":186,"column":29}},"186":{"start":{"line":187,"column":0},"end":{"line":187,"column":3}},"191":{"start":{"line":192,"column":0},"end":{"line":192,"column":46}},"192":{"start":{"line":193,"column":0},"end":{"line":193,"column":38}},"193":{"start":{"line":194,"column":0},"end":{"line":194,"column":3}},"195":{"start":{"line":196,"column":0},"end":{"line":196,"column":1}}},"s":{"16":1,"18":1,"19":18,"20":18,"21":18,"22":18,"23":18,"24":18,"25":18,"26":18,"27":18,"42":1,"43":18,"44":18,"45":18,"46":18,"47":18,"48":18,"49":18,"50":18,"51":18,"52":18,"53":18,"58":1,"59":12,"60":12,"65":1,"66":1,"67":1,"72":1,"73":12,"74":12,"79":1,"80":1,"81":1,"86":1,"87":12,"88":12,"93":1,"94":1,"95":1,"100":1,"101":12,"102":12,"107":1,"108":1,"109":1,"114":1,"115":12,"116":12,"121":1,"122":1,"123":1,"128":1,"129":12,"130":12,"135":1,"136":1,"137":1,"142":1,"143":12,"144":12,"149":1,"150":1,"151":1,"156":1,"157":12,"158":12,"163":1,"164":1,"165":1,"170":1,"171":12,"172":12,"177":1,"178":1,"179":1,"184":1,"185":50,"186":50,"191":1,"192":1,"193":1,"195":1},"branchMap":{"0":{"type":"branch","line":19,"loc":{"start":{"line":19,"column":10},"end":{"line":28,"column":31}},"locations":[{"start":{"line":19,"column":10},"end":{"line":28,"column":31}}]},"1":{"type":"branch","line":43,"loc":{"start":{"line":43,"column":2},"end":{"line":54,"column":3}},"locations":[{"start":{"line":43,"column":2},"end":{"line":54,"column":3}}]},"2":{"type":"branch","line":59,"loc":{"start":{"line":59,"column":2},"end":{"line":61,"column":3}},"locations":[{"start":{"line":59,"column":2},"end":{"line":61,"column":3}}]},"3":{"type":"branch","line":66,"loc":{"start":{"line":66,"column":2},"end":{"line":68,"column":3}},"locations":[{"start":{"line":66,"column":2},"end":{"line":68,"column":3}}]},"4":{"type":"branch","line":73,"loc":{"start":{"line":73,"column":2},"end":{"line":75,"column":3}},"locations":[{"start":{"line":73,"column":2},"end":{"line":75,"column":3}}]},"5":{"type":"branch","line":80,"loc":{"start":{"line":80,"column":2},"end":{"line":82,"column":3}},"locations":[{"start":{"line":80,"column":2},"end":{"line":82,"column":3}}]},"6":{"type":"branch","line":87,"loc":{"start":{"line":87,"column":2},"end":{"line":89,"column":3}},"locations":[{"start":{"line":87,"column":2},"end":{"line":89,"column":3}}]},"7":{"type":"branch","line":94,"loc":{"start":{"line":94,"column":2},"end":{"line":96,"column":3}},"locations":[{"start":{"line":94,"column":2},"end":{"line":96,"column":3}}]},"8":{"type":"branch","line":101,"loc":{"start":{"line":101,"column":2},"end":{"line":103,"column":3}},"locations":[{"start":{"line":101,"column":2},"end":{"line":103,"column":3}}]},"9":{"type":"branch","line":108,"loc":{"start":{"line":108,"column":2},"end":{"line":110,"column":3}},"locations":[{"start":{"line":108,"column":2},"end":{"line":110,"column":3}}]},"10":{"type":"branch","line":115,"loc":{"start":{"line":115,"column":2},"end":{"line":117,"column":3}},"locations":[{"start":{"line":115,"column":2},"end":{"line":117,"column":3}}]},"11":{"type":"branch","line":122,"loc":{"start":{"line":122,"column":2},"end":{"line":124,"column":3}},"locations":[{"start":{"line":122,"column":2},"end":{"line":124,"column":3}}]},"12":{"type":"branch","line":129,"loc":{"start":{"line":129,"column":2},"end":{"line":131,"column":3}},"locations":[{"start":{"line":129,"column":2},"end":{"line":131,"column":3}}]},"13":{"type":"branch","line":136,"loc":{"start":{"line":136,"column":2},"end":{"line":138,"column":3}},"locations":[{"start":{"line":136,"column":2},"end":{"line":138,"column":3}}]},"14":{"type":"branch","line":143,"loc":{"start":{"line":143,"column":2},"end":{"line":145,"column":3}},"locations":[{"start":{"line":143,"column":2},"end":{"line":145,"column":3}}]},"15":{"type":"branch","line":150,"loc":{"start":{"line":150,"column":2},"end":{"line":152,"column":3}},"locations":[{"start":{"line":150,"column":2},"end":{"line":152,"column":3}}]},"16":{"type":"branch","line":157,"loc":{"start":{"line":157,"column":2},"end":{"line":159,"column":3}},"locations":[{"start":{"line":157,"column":2},"end":{"line":159,"column":3}}]},"17":{"type":"branch","line":164,"loc":{"start":{"line":164,"column":2},"end":{"line":166,"column":3}},"locations":[{"start":{"line":164,"column":2},"end":{"line":166,"column":3}}]},"18":{"type":"branch","line":171,"loc":{"start":{"line":171,"column":2},"end":{"line":173,"column":3}},"locations":[{"start":{"line":171,"column":2},"end":{"line":173,"column":3}}]},"19":{"type":"branch","line":178,"loc":{"start":{"line":178,"column":2},"end":{"line":180,"column":3}},"locations":[{"start":{"line":178,"column":2},"end":{"line":180,"column":3}}]},"20":{"type":"branch","line":185,"loc":{"start":{"line":185,"column":2},"end":{"line":187,"column":3}},"locations":[{"start":{"line":185,"column":2},"end":{"line":187,"column":3}}]},"21":{"type":"branch","line":192,"loc":{"start":{"line":192,"column":2},"end":{"line":194,"column":3}},"locations":[{"start":{"line":192,"column":2},"end":{"line":194,"column":3}}]}},"b":{"0":[18],"1":[18],"2":[12],"3":[1],"4":[12],"5":[1],"6":[12],"7":[1],"8":[12],"9":[1],"10":[12],"11":[1],"12":[12],"13":[1],"14":[12],"15":[1],"16":[12],"17":[1],"18":[12],"19":[1],"20":[50],"21":[1]},"fnMap":{"0":{"name":"<instance_members_initializer>","decl":{"start":{"line":19,"column":10},"end":{"line":28,"column":31}},"loc":{"start":{"line":19,"column":10},"end":{"line":28,"column":31}},"line":19},"1":{"name":"Funko","decl":{"start":{"line":43,"column":2},"end":{"line":54,"column":3}},"loc":{"start":{"line":43,"column":2},"end":{"line":54,"column":3}},"line":43},"2":{"name":"get getID","decl":{"start":{"line":59,"column":2},"end":{"line":61,"column":3}},"loc":{"start":{"line":59,"column":2},"end":{"line":61,"column":3}},"line":59},"3":{"name":"set setID","decl":{"start":{"line":66,"column":2},"end":{"line":68,"column":3}},"loc":{"start":{"line":66,"column":2},"end":{"line":68,"column":3}},"line":66},"4":{"name":"get getNombre","decl":{"start":{"line":73,"column":2},"end":{"line":75,"column":3}},"loc":{"start":{"line":73,"column":2},"end":{"line":75,"column":3}},"line":73},"5":{"name":"set setNombre","decl":{"start":{"line":80,"column":2},"end":{"line":82,"column":3}},"loc":{"start":{"line":80,"column":2},"end":{"line":82,"column":3}},"line":80},"6":{"name":"get getDescripcion","decl":{"start":{"line":87,"column":2},"end":{"line":89,"column":3}},"loc":{"start":{"line":87,"column":2},"end":{"line":89,"column":3}},"line":87},"7":{"name":"set setDescripcion","decl":{"start":{"line":94,"column":2},"end":{"line":96,"column":3}},"loc":{"start":{"line":94,"column":2},"end":{"line":96,"column":3}},"line":94},"8":{"name":"get getTipo","decl":{"start":{"line":101,"column":2},"end":{"line":103,"column":3}},"loc":{"start":{"line":101,"column":2},"end":{"line":103,"column":3}},"line":101},"9":{"name":"set setTipo","decl":{"start":{"line":108,"column":2},"end":{"line":110,"column":3}},"loc":{"start":{"line":108,"column":2},"end":{"line":110,"column":3}},"line":108},"10":{"name":"get getGenero","decl":{"start":{"line":115,"column":2},"end":{"line":117,"column":3}},"loc":{"start":{"line":115,"column":2},"end":{"line":117,"column":3}},"line":115},"11":{"name":"set setGenero","decl":{"start":{"line":122,"column":2},"end":{"line":124,"column":3}},"loc":{"start":{"line":122,"column":2},"end":{"line":124,"column":3}},"line":122},"12":{"name":"get getFranquicia","decl":{"start":{"line":129,"column":2},"end":{"line":131,"column":3}},"loc":{"start":{"line":129,"column":2},"end":{"line":131,"column":3}},"line":129},"13":{"name":"set setFranquicia","decl":{"start":{"line":136,"column":2},"end":{"line":138,"column":3}},"loc":{"start":{"line":136,"column":2},"end":{"line":138,"column":3}},"line":136},"14":{"name":"get getNumero","decl":{"start":{"line":143,"column":2},"end":{"line":145,"column":3}},"loc":{"start":{"line":143,"column":2},"end":{"line":145,"column":3}},"line":143},"15":{"name":"set setNumero","decl":{"start":{"line":150,"column":2},"end":{"line":152,"column":3}},"loc":{"start":{"line":150,"column":2},"end":{"line":152,"column":3}},"line":150},"16":{"name":"get getExclusivo","decl":{"start":{"line":157,"column":2},"end":{"line":159,"column":3}},"loc":{"start":{"line":157,"column":2},"end":{"line":159,"column":3}},"line":157},"17":{"name":"set setExclusivo","decl":{"start":{"line":164,"column":2},"end":{"line":166,"column":3}},"loc":{"start":{"line":164,"column":2},"end":{"line":166,"column":3}},"line":164},"18":{"name":"get getCaracteristicasEspeciales","decl":{"start":{"line":171,"column":2},"end":{"line":173,"column":3}},"loc":{"start":{"line":171,"column":2},"end":{"line":173,"column":3}},"line":171},"19":{"name":"set setCaracteristicasEspeciales","decl":{"start":{"line":178,"column":2},"end":{"line":180,"column":3}},"loc":{"start":{"line":178,"column":2},"end":{"line":180,"column":3}},"line":178},"20":{"name":"get getValorMercado","decl":{"start":{"line":185,"column":2},"end":{"line":187,"column":3}},"loc":{"start":{"line":185,"column":2},"end":{"line":187,"column":3}},"line":185},"21":{"name":"set setValorMercado","decl":{"start":{"line":192,"column":2},"end":{"line":194,"column":3}},"loc":{"start":{"line":192,"column":2},"end":{"line":194,"column":3}},"line":192}},"f":{"0":18,"1":18,"2":12,"3":1,"4":12,"5":1,"6":12,"7":1,"8":12,"9":1,"10":12,"11":1,"12":12,"13":1,"14":12,"15":1,"16":12,"17":1,"18":12,"19":1,"20":50,"21":1}}
,"/home/usuario/prct08-filesystem-funko-app-alu0101539669/src/type.ts": {"path":"/home/usuario/prct08-filesystem-funko-app-alu0101539669/src/type.ts","all":false,"statementMap":{"3":{"start":{"line":4,"column":0},"end":{"line":4,"column":18}},"4":{"start":{"line":5,"column":0},"end":{"line":5,"column":17}},"5":{"start":{"line":6,"column":0},"end":{"line":6,"column":28}},"6":{"start":{"line":7,"column":0},"end":{"line":7,"column":29}},"7":{"start":{"line":8,"column":0},"end":{"line":8,"column":29}},"8":{"start":{"line":9,"column":0},"end":{"line":9,"column":37}},"14":{"start":{"line":15,"column":0},"end":{"line":15,"column":22}},"15":{"start":{"line":16,"column":0},"end":{"line":16,"column":28}},"16":{"start":{"line":17,"column":0},"end":{"line":17,"column":36}},"17":{"start":{"line":18,"column":0},"end":{"line":18,"column":32}},"18":{"start":{"line":19,"column":0},"end":{"line":19,"column":26}},"19":{"start":{"line":20,"column":0},"end":{"line":20,"column":22}},"20":{"start":{"line":21,"column":0},"end":{"line":21,"column":20}}},"s":{"3":1,"4":1,"5":1,"6":1,"7":1,"8":1,"14":1,"15":1,"16":1,"17":1,"18":1,"19":1,"20":1},"branchMap":{"0":{"type":"branch","line":4,"loc":{"start":{"line":4,"column":7},"end":{"line":4,"column":18}},"locations":[{"start":{"line":4,"column":7},"end":{"line":4,"column":18}}]},"1":{"type":"branch","line":15,"loc":{"start":{"line":15,"column":9},"end":{"line":15,"column":22}},"locations":[{"start":{"line":15,"column":9},"end":{"line":15,"column":22}}]}},"b":{"0":[2],"1":[2]},"fnMap":{},"f":{}}
}
